Daemon process terminated and closed the connection

Messages from the log:
Time for 'plugin worker 12507 code loading' 16.279958000000008
Time for 'plugin worker 12506 code loading' 15.880791999999992
[NX v22.1.3 Daemon Server] - 2025-12-02T10:41:28.992Z - Closed a connection. Number of open connections: 0
Time for 'plugin worker 12505 code loading' 40.37779100000001
Time for 'plugin worker 12510 code loading' 23.726666
Time for 'plugin worker 12512 code loading' 45.422084
[NX v22.1.3 Daemon Server] - 2025-12-02T10:41:29.149Z - Established a connection. Number of open connections: 1
[NX v22.1.3 Daemon Server] - 2025-12-02T10:41:29.151Z - Established a connection. Number of open connections: 2
[NX v22.1.3 Daemon Server] - 2025-12-02T10:41:29.152Z - Closed a connection. Number of open connections: 1
Time for 'plugin worker 12509 code loading' 56.59308300000001
[NX v22.1.3 Daemon Server] - 2025-12-02T10:41:29.233Z - Received raw message of length 32
[NX v22.1.3 Daemon Server] - 2025-12-02T10:41:29.233Z - Received json message of type REQUEST_PROJECT_GRAPH
[NX v22.1.3 Daemon Server] - 2025-12-02T10:41:29.233Z - [REQUEST]: Client Request for Project Graph Received
[NX v22.1.3 Daemon Server] - 2025-12-02T10:41:29.659Z - Time taken for 'Load Nx Plugin: /Users/mantunigam/WORKSPACE/nestts/nxts/node_modules/nx/src/plugins/project-json/build-nodes/project-json' 845.0250839999999ms
[NX v22.1.3 Daemon Server] - 2025-12-02T10:41:29.772Z - Time taken for 'Load Nx Plugin: /Users/mantunigam/WORKSPACE/nestts/nxts/node_modules/nx/src/plugins/js' 959.4435840000001ms
[NX v22.1.3 Daemon Server] - 2025-12-02T10:41:29.774Z - Time taken for 'loadDefaultNxPlugins' 962.195792ms
[NX v22.1.3 Daemon Server] - 2025-12-02T10:41:29.930Z - Closed a connection. Number of open connections: 0
[NX v22.1.3 Daemon Server] - 2025-12-02T10:41:29.930Z - [WATCHER]: Stopping the watcher for /Users/mantunigam/WORKSPACE/nestts/nxts (sources)
[NX v22.1.3 Daemon Server] - 2025-12-02T10:41:29.931Z - [WATCHER]: Stopping the watcher for /Users/mantunigam/WORKSPACE/nestts/nxts (outputs)



More information: /Users/mantunigam/WORKSPACE/nestts/nxts/.nx/workspace-data/d/daemon.log